<?xml version="1.0" encoding="UTF-8"?>
<testsuites name="E2E Demo Shop tests" tests="2" failures="0" errors="0" time="2.943">
  <testsuite name="Checkout tests" errors="0" failures="0" skipped="0" timestamp="2022-11-07T16:42:47" time="1.358" tests="1">
    <testcase classname="Checkout tests Guest can add a product to cart" name="Checkout tests Guest can add a product to cart" time="0.847">
    </testcase>
  </testsuite>
  <testsuite name="Authentication tests" errors="0" failures="0" skipped="0" timestamp="2022-11-07T16:42:49" time="1.008" tests="1">
    <testcase classname="Authentication tests Normal user can login" name="Authentication tests Normal user can login" time="0.906">
    </testcase>
  </testsuite>
</testsuites>