<?xml version="1.0" encoding="UTF-8"?>
<testsuites name="E2E Demo Shop tests" tests="2" failures="0" errors="0" time="2.913">
  <testsuite name="Checkout tests" errors="0" failures="0" skipped="0" timestamp="2022-11-09T14:05:10" time="1.415" tests="1">
    <testcase classname="Checkout tests Guest can add a product to cart" name="Checkout tests Guest can add a product to cart" time="0.905">
    </testcase>
  </testsuite>
  <testsuite name="Authentication tests" errors="0" failures="0" skipped="0" timestamp="2022-11-09T14:05:11" time="0.984" tests="1">
    <testcase classname="Authentication tests Normal user can login" name="Authentication tests Normal user can login" time="0.884">
    </testcase>
  </testsuite>
</testsuites>