<?xml version="1.0" encoding="UTF-8"?>
<testsuites name="E2E Demo Shop tests" tests="2" failures="0" errors="0" time="3.239">
  <testsuite name="Checkout tests" errors="0" failures="0" skipped="0" timestamp="2021-05-12T13:02:41" time="1.545" tests="1">
    <testcase classname="Checkout tests Guest can add a product to cart" name="Checkout tests Guest can add a product to cart" time="0.786">
    </testcase>
  </testsuite>
  <testsuite name="Authentication tests" errors="0" failures="0" skipped="0" timestamp="2021-05-12T13:02:43" time="1.058" tests="1">
    <testcase classname="Authentication tests Normal user can login" name="Authentication tests Normal user can login" time="0.907">
    </testcase>
  </testsuite>
</testsuites>