<?xml version="1.0" encoding="UTF-8"?>
<testsuites name="E2E Demo Shop tests" tests="2" failures="0" errors="0" time="2.986">
  <testsuite name="Checkout tests" errors="0" failures="0" skipped="0" timestamp="2021-05-12T12:51:01" time="1.422" tests="1">
    <testcase classname="Checkout tests Guest can add a product to cart" name="Checkout tests Guest can add a product to cart" time="0.648">
    </testcase>
  </testsuite>
  <testsuite name="Authentication tests" errors="0" failures="0" skipped="0" timestamp="2021-05-12T12:51:03" time="1.012" tests="1">
    <testcase classname="Authentication tests Normal user can login" name="Authentication tests Normal user can login" time="0.866">
    </testcase>
  </testsuite>
</testsuites>