<?xml version="1.0" encoding="UTF-8"?>
<testsuites name="E2E Demo Shop tests" tests="2" failures="0" errors="0" time="3.405">
  <testsuite name="Checkout tests" errors="0" failures="0" skipped="0" timestamp="2022-11-07T16:57:22" time="1.49" tests="1">
    <testcase classname="Checkout tests Guest can add a product to cart" name="Checkout tests Guest can add a product to cart" time="0.856">
    </testcase>
  </testsuite>
  <testsuite name="Authentication tests" errors="0" failures="0" skipped="0" timestamp="2022-11-07T16:57:24" time="1.211" tests="1">
    <testcase classname="Authentication tests Normal user can login" name="Authentication tests Normal user can login" time="1.079">
    </testcase>
  </testsuite>
</testsuites>