<?xml version="1.0" encoding="UTF-8"?>
<testsuites name="E2E Demo Shop tests" tests="2" failures="0" errors="0" time="3.14">
  <testsuite name="Checkout tests" errors="0" failures="0" skipped="0" timestamp="2022-11-07T17:04:25" time="1.335" tests="1">
    <testcase classname="Checkout tests Guest can add a product to cart" name="Checkout tests Guest can add a product to cart" time="0.782">
    </testcase>
  </testsuite>
  <testsuite name="Authentication tests" errors="0" failures="0" skipped="0" timestamp="2022-11-07T17:04:27" time="1.065" tests="1">
    <testcase classname="Authentication tests Normal user can login" name="Authentication tests Normal user can login" time="0.953">
    </testcase>
  </testsuite>
</testsuites>